[2020-10-10 20:20:02] local.ERROR: `AUTH` failed: ERR Client sent AUTH, but no password is set [tcp://127.0.0.1:6379] {"exception":"[object] (Predis\\Connection\\ConnectionException(code: 0): `AUTH` failed: ERR Client sent AUTH, but no password is set [tcp://127.0.0.1:6379] at /home/rotho98/Projects/wager/vendor/predis/predis/src/Connection/AbstractConnection.php:155)
[stacktrace]
#0 /home/rotho98/Projects/wager/vendor/predis/predis/src/Connection/StreamConnection.php(263): Predis\\Connection\\AbstractConnection->onConnectionError()
#1 /home/rotho98/Projects/wager/vendor/predis/predis/src/Connection/AbstractConnection.php(180): Predis\\Connection\\StreamConnection->connect()
#2 /home/rotho98/Projects/wager/vendor/predis/predis/src/Connection/StreamConnection.php(288): Predis\\Connection\\AbstractConnection->getResource()
#3 /home/rotho98/Projects/wager/vendor/predis/predis/src/Connection/StreamConnection.php(394): Predis\\Connection\\StreamConnection->write()
#4 /home/rotho98/Projects/wager/vendor/predis/predis/src/Connection/AbstractConnection.php(110): Predis\\Connection\\StreamConnection->writeRequest()
#5 /home/rotho98/Projects/wager/vendor/predis/predis/src/Client.php(331): Predis\\Connection\\AbstractConnection->executeCommand()
#6 /home/rotho98/Projects/wager/vendor/predis/predis/src/Client.php(314): Predis\\Client->executeCommand()
#7 /home/rotho98/Projects/wager/vendor/laravel/framework/src/Illuminate/Redis/Connections/Connection.php(116): Predis\\Client->__call()
#8 /home/rotho98/Projects/wager/vendor/laravel/framework/src/Illuminate/Redis/Connections/Connection.php(220): Illuminate\\Redis\\Connections\\Connection->command()
#9 /home/rotho98/Projects/wager/vendor/laravel/framework/src/Illuminate/Cache/RedisStore.php(54): Illuminate\\Redis\\Connections\\Connection->__call()
#10 /home/rotho98/Projects/wager/vendor/laravel/framework/src/Illuminate/Cache/Repository.php(97): Illuminate\\Cache\\RedisStore->get()
#11 /home/rotho98/Projects/wager/vendor/laravel/framework/src/Illuminate/Cache/Repository.php(374): Illuminate\\Cache\\Repository->get()
#12 /home/rotho98/Projects/wager/vendor/laravel/framework/src/Illuminate/Cache/CacheManager.php(383): Illuminate\\Cache\\Repository->remember()
#13 /home/rotho98/Projects/wager/vendor/laravel/framework/src/Illuminate/Support/Facades/Facade.php(261): Illuminate\\Cache\\CacheManager->__call()
#14 /home/rotho98/Projects/wager/app/Providers/TranslationServiceProvider.php(27): Illuminate\\Support\\Facades\\Facade::__callStatic()
#15 [internal function]: App\\Providers\\TranslationServiceProvider->boot()
#16 /home/rotho98/Projects/wager/vendor/laravel/framework/src/Illuminate/Container/BoundMethod.php(37): call_user_func_array()
#17 /home/rotho98/Projects/wager/vendor/laravel/framework/src/Illuminate/Container/Util.php(37): Illuminate\\Container\\BoundMethod::Illuminate\\Container\\{closure}()
#18 /home/rotho98/Projects/wager/vendor/laravel/framework/src/Illuminate/Container/BoundMethod.php(95): Illuminate\\Container\\Util::unwrapIfClosure()
#19 /home/rotho98/Projects/wager/vendor/laravel/framework/src/Illuminate/Container/BoundMethod.php(39): Illuminate\\Container\\BoundMethod::callBoundMethod()
#20 /home/rotho98/Projects/wager/vendor/laravel/framework/src/Illuminate/Container/Container.php(592): Illuminate\\Container\\BoundMethod::call()
#21 /home/rotho98/Projects/wager/vendor/laravel/framework/src/Illuminate/Foundation/Application.php(867): Illuminate\\Container\\Container->call()
#22 /home/rotho98/Projects/wager/vendor/laravel/framework/src/Illuminate/Foundation/Application.php(850): Illuminate\\Foundation\\Application->bootProvider()
#23 [internal function]: Illuminate\\Foundation\\Application->Illuminate\\Foundation\\{closure}()
#24 /home/rotho98/Projects/wager/vendor/laravel/framework/src/Illuminate/Foundation/Application.php(851): array_walk()
#25 /home/rotho98/Projects/wager/vendor/laravel/framework/src/Illuminate/Foundation/Bootstrap/BootProviders.php(17): Illuminate\\Foundation\\Application->boot()
#26 /home/rotho98/Projects/wager/vendor/laravel/framework/src/Illuminate/Foundation/Application.php(230): Illuminate\\Foundation\\Bootstrap\\BootProviders->bootstrap()
#27 /home/rotho98/Projects/wager/vendor/laravel/framework/src/Illuminate/Foundation/Console/Kernel.php(310): Illuminate\\Foundation\\Application->bootstrapWith()
#28 /home/rotho98/Projects/wager/vendor/laravel/framework/src/Illuminate/Foundation/Console/Kernel.php(127): Illuminate\\Foundation\\Console\\Kernel->bootstrap()
#29 /home/rotho98/Projects/wager/artisan(37): Illuminate\\Foundation\\Console\\Kernel->handle()
#30 {main}
"} 
[2020-10-10 20:29:23] local.ERROR: `AUTH` failed: ERR Client sent AUTH, but no password is set [tcp://127.0.0.1:6379] {"exception":"[object] (Predis\\Connection\\ConnectionException(code: 0): `AUTH` failed: ERR Client sent AUTH, but no password is set [tcp://127.0.0.1:6379] at /home/rotho98/Projects/wager/vendor/predis/predis/src/Connection/AbstractConnection.php:155)
[stacktrace]
#0 /home/rotho98/Projects/wager/vendor/predis/predis/src/Connection/StreamConnection.php(263): Predis\\Connection\\AbstractConnection->onConnectionError()
#1 /home/rotho98/Projects/wager/vendor/predis/predis/src/Connection/AbstractConnection.php(180): Predis\\Connection\\StreamConnection->connect()
#2 /home/rotho98/Projects/wager/vendor/predis/predis/src/Connection/StreamConnection.php(288): Predis\\Connection\\AbstractConnection->getResource()
#3 /home/rotho98/Projects/wager/vendor/predis/predis/src/Connection/StreamConnection.php(394): Predis\\Connection\\StreamConnection->write()
#4 /home/rotho98/Projects/wager/vendor/predis/predis/src/Connection/AbstractConnection.php(110): Predis\\Connection\\StreamConnection->writeRequest()
#5 /home/rotho98/Projects/wager/vendor/predis/predis/src/Client.php(331): Predis\\Connection\\AbstractConnection->executeCommand()
#6 /home/rotho98/Projects/wager/vendor/predis/predis/src/Client.php(314): Predis\\Client->executeCommand()
#7 /home/rotho98/Projects/wager/vendor/laravel/framework/src/Illuminate/Redis/Connections/Connection.php(116): Predis\\Client->__call()
#8 /home/rotho98/Projects/wager/vendor/laravel/framework/src/Illuminate/Redis/Connections/Connection.php(220): Illuminate\\Redis\\Connections\\Connection->command()
#9 /home/rotho98/Projects/wager/vendor/laravel/framework/src/Illuminate/Cache/RedisStore.php(54): Illuminate\\Redis\\Connections\\Connection->__call()
#10 /home/rotho98/Projects/wager/vendor/laravel/framework/src/Illuminate/Cache/Repository.php(97): Illuminate\\Cache\\RedisStore->get()
#11 /home/rotho98/Projects/wager/vendor/laravel/framework/src/Illuminate/Cache/Repository.php(374): Illuminate\\Cache\\Repository->get()
#12 /home/rotho98/Projects/wager/vendor/laravel/framework/src/Illuminate/Cache/CacheManager.php(383): Illuminate\\Cache\\Repository->remember()
#13 /home/rotho98/Projects/wager/vendor/laravel/framework/src/Illuminate/Support/Facades/Facade.php(261): Illuminate\\Cache\\CacheManager->__call()
#14 /home/rotho98/Projects/wager/app/Providers/TranslationServiceProvider.php(27): Illuminate\\Support\\Facades\\Facade::__callStatic()
#15 [internal function]: App\\Providers\\TranslationServiceProvider->boot()
#16 /home/rotho98/Projects/wager/vendor/laravel/framework/src/Illuminate/Container/BoundMethod.php(37): call_user_func_array()
#17 /home/rotho98/Projects/wager/vendor/laravel/framework/src/Illuminate/Container/Util.php(37): Illuminate\\Container\\BoundMethod::Illuminate\\Container\\{closure}()
#18 /home/rotho98/Projects/wager/vendor/laravel/framework/src/Illuminate/Container/BoundMethod.php(95): Illuminate\\Container\\Util::unwrapIfClosure()
#19 /home/rotho98/Projects/wager/vendor/laravel/framework/src/Illuminate/Container/BoundMethod.php(39): Illuminate\\Container\\BoundMethod::callBoundMethod()
#20 /home/rotho98/Projects/wager/vendor/laravel/framework/src/Illuminate/Container/Container.php(592): Illuminate\\Container\\BoundMethod::call()
#21 /home/rotho98/Projects/wager/vendor/laravel/framework/src/Illuminate/Foundation/Application.php(867): Illuminate\\Container\\Container->call()
#22 /home/rotho98/Projects/wager/vendor/laravel/framework/src/Illuminate/Foundation/Application.php(850): Illuminate\\Foundation\\Application->bootProvider()
#23 [internal function]: Illuminate\\Foundation\\Application->Illuminate\\Foundation\\{closure}()
#24 /home/rotho98/Projects/wager/vendor/laravel/framework/src/Illuminate/Foundation/Application.php(851): array_walk()
#25 /home/rotho98/Projects/wager/vendor/laravel/framework/src/Illuminate/Foundation/Bootstrap/BootProviders.php(17): Illuminate\\Foundation\\Application->boot()
#26 /home/rotho98/Projects/wager/vendor/laravel/framework/src/Illuminate/Foundation/Application.php(230): Illuminate\\Foundation\\Bootstrap\\BootProviders->bootstrap()
#27 /home/rotho98/Projects/wager/vendor/laravel/framework/src/Illuminate/Foundation/Console/Kernel.php(310): Illuminate\\Foundation\\Application->bootstrapWith()
#28 /home/rotho98/Projects/wager/vendor/laravel/framework/src/Illuminate/Foundation/Console/Kernel.php(127): Illuminate\\Foundation\\Console\\Kernel->bootstrap()
#29 /home/rotho98/Projects/wager/artisan(37): Illuminate\\Foundation\\Console\\Kernel->handle()
#30 {main}
"} 
[2020-10-10 20:30:21] local.ERROR: `AUTH` failed: ERR Client sent AUTH, but no password is set [tcp://127.0.0.1:6379] {"exception":"[object] (Predis\\Connection\\ConnectionException(code: 0): `AUTH` failed: ERR Client sent AUTH, but no password is set [tcp://127.0.0.1:6379] at /home/rotho98/Projects/wager/vendor/predis/predis/src/Connection/AbstractConnection.php:155)
[stacktrace]
#0 /home/rotho98/Projects/wager/vendor/predis/predis/src/Connection/StreamConnection.php(263): Predis\\Connection\\AbstractConnection->onConnectionError()
#1 /home/rotho98/Projects/wager/vendor/predis/predis/src/Connection/AbstractConnection.php(180): Predis\\Connection\\StreamConnection->connect()
#2 /home/rotho98/Projects/wager/vendor/predis/predis/src/Connection/StreamConnection.php(288): Predis\\Connection\\AbstractConnection->getResource()
#3 /home/rotho98/Projects/wager/vendor/predis/predis/src/Connection/StreamConnection.php(394): Predis\\Connection\\StreamConnection->write()
#4 /home/rotho98/Projects/wager/vendor/predis/predis/src/Connection/AbstractConnection.php(110): Predis\\Connection\\StreamConnection->writeRequest()
#5 /home/rotho98/Projects/wager/vendor/predis/predis/src/Client.php(331): Predis\\Connection\\AbstractConnection->executeCommand()
#6 /home/rotho98/Projects/wager/vendor/predis/predis/src/Client.php(314): Predis\\Client->executeCommand()
#7 /home/rotho98/Projects/wager/vendor/laravel/framework/src/Illuminate/Redis/Connections/Connection.php(116): Predis\\Client->__call()
#8 /home/rotho98/Projects/wager/vendor/laravel/framework/src/Illuminate/Redis/Connections/Connection.php(220): Illuminate\\Redis\\Connections\\Connection->command()
#9 /home/rotho98/Projects/wager/vendor/laravel/framework/src/Illuminate/Cache/RedisStore.php(54): Illuminate\\Redis\\Connections\\Connection->__call()
#10 /home/rotho98/Projects/wager/vendor/laravel/framework/src/Illuminate/Cache/Repository.php(97): Illuminate\\Cache\\RedisStore->get()
#11 /home/rotho98/Projects/wager/vendor/laravel/framework/src/Illuminate/Cache/Repository.php(374): Illuminate\\Cache\\Repository->get()
#12 /home/rotho98/Projects/wager/vendor/laravel/framework/src/Illuminate/Cache/CacheManager.php(383): Illuminate\\Cache\\Repository->remember()
#13 /home/rotho98/Projects/wager/vendor/laravel/framework/src/Illuminate/Support/Facades/Facade.php(261): Illuminate\\Cache\\CacheManager->__call()
#14 /home/rotho98/Projects/wager/app/Providers/TranslationServiceProvider.php(27): Illuminate\\Support\\Facades\\Facade::__callStatic()
#15 [internal function]: App\\Providers\\TranslationServiceProvider->boot()
#16 /home/rotho98/Projects/wager/vendor/laravel/framework/src/Illuminate/Container/BoundMethod.php(37): call_user_func_array()
#17 /home/rotho98/Projects/wager/vendor/laravel/framework/src/Illuminate/Container/Util.php(37): Illuminate\\Container\\BoundMethod::Illuminate\\Container\\{closure}()
#18 /home/rotho98/Projects/wager/vendor/laravel/framework/src/Illuminate/Container/BoundMethod.php(95): Illuminate\\Container\\Util::unwrapIfClosure()
#19 /home/rotho98/Projects/wager/vendor/laravel/framework/src/Illuminate/Container/BoundMethod.php(39): Illuminate\\Container\\BoundMethod::callBoundMethod()
#20 /home/rotho98/Projects/wager/vendor/laravel/framework/src/Illuminate/Container/Container.php(592): Illuminate\\Container\\BoundMethod::call()
#21 /home/rotho98/Projects/wager/vendor/laravel/framework/src/Illuminate/Foundation/Application.php(867): Illuminate\\Container\\Container->call()
#22 /home/rotho98/Projects/wager/vendor/laravel/framework/src/Illuminate/Foundation/Application.php(850): Illuminate\\Foundation\\Application->bootProvider()
#23 [internal function]: Illuminate\\Foundation\\Application->Illuminate\\Foundation\\{closure}()
#24 /home/rotho98/Projects/wager/vendor/laravel/framework/src/Illuminate/Foundation/Application.php(851): array_walk()
#25 /home/rotho98/Projects/wager/vendor/laravel/framework/src/Illuminate/Foundation/Bootstrap/BootProviders.php(17): Illuminate\\Foundation\\Application->boot()
#26 /home/rotho98/Projects/wager/vendor/laravel/framework/src/Illuminate/Foundation/Application.php(230): Illuminate\\Foundation\\Bootstrap\\BootProviders->bootstrap()
#27 /home/rotho98/Projects/wager/vendor/laravel/framework/src/Illuminate/Foundation/Console/Kernel.php(310): Illuminate\\Foundation\\Application->bootstrapWith()
#28 /home/rotho98/Projects/wager/vendor/laravel/framework/src/Illuminate/Foundation/Console/Kernel.php(127): Illuminate\\Foundation\\Console\\Kernel->bootstrap()
#29 /home/rotho98/Projects/wager/artisan(37): Illuminate\\Foundation\\Console\\Kernel->handle()
#30 {main}
"} 
[2020-10-10 20:30:29] local.ERROR: `AUTH` failed: ERR Client sent AUTH, but no password is set [tcp://127.0.0.1:6379] {"exception":"[object] (Predis\\Connection\\ConnectionException(code: 0): `AUTH` failed: ERR Client sent AUTH, but no password is set [tcp://127.0.0.1:6379] at /home/rotho98/Projects/wager/vendor/predis/predis/src/Connection/AbstractConnection.php:155)
[stacktrace]
#0 /home/rotho98/Projects/wager/vendor/predis/predis/src/Connection/StreamConnection.php(263): Predis\\Connection\\AbstractConnection->onConnectionError()
#1 /home/rotho98/Projects/wager/vendor/predis/predis/src/Connection/AbstractConnection.php(180): Predis\\Connection\\StreamConnection->connect()
#2 /home/rotho98/Projects/wager/vendor/predis/predis/src/Connection/StreamConnection.php(288): Predis\\Connection\\AbstractConnection->getResource()
#3 /home/rotho98/Projects/wager/vendor/predis/predis/src/Connection/StreamConnection.php(394): Predis\\Connection\\StreamConnection->write()
#4 /home/rotho98/Projects/wager/vendor/predis/predis/src/Connection/AbstractConnection.php(110): Predis\\Connection\\StreamConnection->writeRequest()
#5 /home/rotho98/Projects/wager/vendor/predis/predis/src/Client.php(331): Predis\\Connection\\AbstractConnection->executeCommand()
#6 /home/rotho98/Projects/wager/vendor/predis/predis/src/Client.php(314): Predis\\Client->executeCommand()
#7 /home/rotho98/Projects/wager/vendor/laravel/framework/src/Illuminate/Redis/Connections/Connection.php(116): Predis\\Client->__call()
#8 /home/rotho98/Projects/wager/vendor/laravel/framework/src/Illuminate/Redis/Connections/Connection.php(220): Illuminate\\Redis\\Connections\\Connection->command()
#9 /home/rotho98/Projects/wager/vendor/laravel/framework/src/Illuminate/Cache/RedisStore.php(54): Illuminate\\Redis\\Connections\\Connection->__call()
#10 /home/rotho98/Projects/wager/vendor/laravel/framework/src/Illuminate/Cache/Repository.php(97): Illuminate\\Cache\\RedisStore->get()
#11 /home/rotho98/Projects/wager/vendor/laravel/framework/src/Illuminate/Cache/Repository.php(374): Illuminate\\Cache\\Repository->get()
#12 /home/rotho98/Projects/wager/vendor/laravel/framework/src/Illuminate/Cache/CacheManager.php(383): Illuminate\\Cache\\Repository->remember()
#13 /home/rotho98/Projects/wager/vendor/laravel/framework/src/Illuminate/Support/Facades/Facade.php(261): Illuminate\\Cache\\CacheManager->__call()
#14 /home/rotho98/Projects/wager/app/Providers/TranslationServiceProvider.php(27): Illuminate\\Support\\Facades\\Facade::__callStatic()
#15 [internal function]: App\\Providers\\TranslationServiceProvider->boot()
#16 /home/rotho98/Projects/wager/vendor/laravel/framework/src/Illuminate/Container/BoundMethod.php(37): call_user_func_array()
#17 /home/rotho98/Projects/wager/vendor/laravel/framework/src/Illuminate/Container/Util.php(37): Illuminate\\Container\\BoundMethod::Illuminate\\Container\\{closure}()
#18 /home/rotho98/Projects/wager/vendor/laravel/framework/src/Illuminate/Container/BoundMethod.php(95): Illuminate\\Container\\Util::unwrapIfClosure()
#19 /home/rotho98/Projects/wager/vendor/laravel/framework/src/Illuminate/Container/BoundMethod.php(39): Illuminate\\Container\\BoundMethod::callBoundMethod()
#20 /home/rotho98/Projects/wager/vendor/laravel/framework/src/Illuminate/Container/Container.php(592): Illuminate\\Container\\BoundMethod::call()
#21 /home/rotho98/Projects/wager/vendor/laravel/framework/src/Illuminate/Foundation/Application.php(867): Illuminate\\Container\\Container->call()
#22 /home/rotho98/Projects/wager/vendor/laravel/framework/src/Illuminate/Foundation/Application.php(850): Illuminate\\Foundation\\Application->bootProvider()
#23 [internal function]: Illuminate\\Foundation\\Application->Illuminate\\Foundation\\{closure}()
#24 /home/rotho98/Projects/wager/vendor/laravel/framework/src/Illuminate/Foundation/Application.php(851): array_walk()
#25 /home/rotho98/Projects/wager/vendor/laravel/framework/src/Illuminate/Foundation/Bootstrap/BootProviders.php(17): Illuminate\\Foundation\\Application->boot()
#26 /home/rotho98/Projects/wager/vendor/laravel/framework/src/Illuminate/Foundation/Application.php(230): Illuminate\\Foundation\\Bootstrap\\BootProviders->bootstrap()
#27 /home/rotho98/Projects/wager/vendor/laravel/framework/src/Illuminate/Foundation/Console/Kernel.php(310): Illuminate\\Foundation\\Application->bootstrapWith()
#28 /home/rotho98/Projects/wager/vendor/laravel/framework/src/Illuminate/Foundation/Console/Kernel.php(127): Illuminate\\Foundation\\Console\\Kernel->bootstrap()
#29 /home/rotho98/Projects/wager/artisan(37): Illuminate\\Foundation\\Console\\Kernel->handle()
#30 {main}
"} 
[2020-10-10 20:30:30] local.ERROR: `AUTH` failed: ERR Client sent AUTH, but no password is set [tcp://127.0.0.1:6379] {"exception":"[object] (Predis\\Connection\\ConnectionException(code: 0): `AUTH` failed: ERR Client sent AUTH, but no password is set [tcp://127.0.0.1:6379] at /home/rotho98/Projects/wager/vendor/predis/predis/src/Connection/AbstractConnection.php:155)
[stacktrace]
#0 /home/rotho98/Projects/wager/vendor/predis/predis/src/Connection/StreamConnection.php(263): Predis\\Connection\\AbstractConnection->onConnectionError()
#1 /home/rotho98/Projects/wager/vendor/predis/predis/src/Connection/AbstractConnection.php(180): Predis\\Connection\\StreamConnection->connect()
#2 /home/rotho98/Projects/wager/vendor/predis/predis/src/Connection/StreamConnection.php(288): Predis\\Connection\\AbstractConnection->getResource()
#3 /home/rotho98/Projects/wager/vendor/predis/predis/src/Connection/StreamConnection.php(394): Predis\\Connection\\StreamConnection->write()
#4 /home/rotho98/Projects/wager/vendor/predis/predis/src/Connection/AbstractConnection.php(110): Predis\\Connection\\StreamConnection->writeRequest()
#5 /home/rotho98/Projects/wager/vendor/predis/predis/src/Client.php(331): Predis\\Connection\\AbstractConnection->executeCommand()
#6 /home/rotho98/Projects/wager/vendor/predis/predis/src/Client.php(314): Predis\\Client->executeCommand()
#7 /home/rotho98/Projects/wager/vendor/laravel/framework/src/Illuminate/Redis/Connections/Connection.php(116): Predis\\Client->__call()
#8 /home/rotho98/Projects/wager/vendor/laravel/framework/src/Illuminate/Redis/Connections/Connection.php(220): Illuminate\\Redis\\Connections\\Connection->command()
#9 /home/rotho98/Projects/wager/vendor/laravel/framework/src/Illuminate/Cache/RedisStore.php(54): Illuminate\\Redis\\Connections\\Connection->__call()
#10 /home/rotho98/Projects/wager/vendor/laravel/framework/src/Illuminate/Cache/Repository.php(97): Illuminate\\Cache\\RedisStore->get()
#11 /home/rotho98/Projects/wager/vendor/laravel/framework/src/Illuminate/Cache/Repository.php(374): Illuminate\\Cache\\Repository->get()
#12 /home/rotho98/Projects/wager/vendor/laravel/framework/src/Illuminate/Cache/CacheManager.php(383): Illuminate\\Cache\\Repository->remember()
#13 /home/rotho98/Projects/wager/vendor/laravel/framework/src/Illuminate/Support/Facades/Facade.php(261): Illuminate\\Cache\\CacheManager->__call()
#14 /home/rotho98/Projects/wager/app/Providers/TranslationServiceProvider.php(27): Illuminate\\Support\\Facades\\Facade::__callStatic()
#15 [internal function]: App\\Providers\\TranslationServiceProvider->boot()
#16 /home/rotho98/Projects/wager/vendor/laravel/framework/src/Illuminate/Container/BoundMethod.php(37): call_user_func_array()
#17 /home/rotho98/Projects/wager/vendor/laravel/framework/src/Illuminate/Container/Util.php(37): Illuminate\\Container\\BoundMethod::Illuminate\\Container\\{closure}()
#18 /home/rotho98/Projects/wager/vendor/laravel/framework/src/Illuminate/Container/BoundMethod.php(95): Illuminate\\Container\\Util::unwrapIfClosure()
#19 /home/rotho98/Projects/wager/vendor/laravel/framework/src/Illuminate/Container/BoundMethod.php(39): Illuminate\\Container\\BoundMethod::callBoundMethod()
#20 /home/rotho98/Projects/wager/vendor/laravel/framework/src/Illuminate/Container/Container.php(592): Illuminate\\Container\\BoundMethod::call()
#21 /home/rotho98/Projects/wager/vendor/laravel/framework/src/Illuminate/Foundation/Application.php(867): Illuminate\\Container\\Container->call()
#22 /home/rotho98/Projects/wager/vendor/laravel/framework/src/Illuminate/Foundation/Application.php(850): Illuminate\\Foundation\\Application->bootProvider()
#23 [internal function]: Illuminate\\Foundation\\Application->Illuminate\\Foundation\\{closure}()
#24 /home/rotho98/Projects/wager/vendor/laravel/framework/src/Illuminate/Foundation/Application.php(851): array_walk()
#25 /home/rotho98/Projects/wager/vendor/laravel/framework/src/Illuminate/Foundation/Bootstrap/BootProviders.php(17): Illuminate\\Foundation\\Application->boot()
#26 /home/rotho98/Projects/wager/vendor/laravel/framework/src/Illuminate/Foundation/Application.php(230): Illuminate\\Foundation\\Bootstrap\\BootProviders->bootstrap()
#27 /home/rotho98/Projects/wager/vendor/laravel/framework/src/Illuminate/Foundation/Console/Kernel.php(310): Illuminate\\Foundation\\Application->bootstrapWith()
#28 /home/rotho98/Projects/wager/vendor/laravel/framework/src/Illuminate/Foundation/Console/Kernel.php(127): Illuminate\\Foundation\\Console\\Kernel->bootstrap()
#29 /home/rotho98/Projects/wager/artisan(37): Illuminate\\Foundation\\Console\\Kernel->handle()
#30 {main}
"} 
[2020-10-10 20:30:30] local.ERROR: `AUTH` failed: ERR Client sent AUTH, but no password is set [tcp://127.0.0.1:6379] {"exception":"[object] (Predis\\Connection\\ConnectionException(code: 0): `AUTH` failed: ERR Client sent AUTH, but no password is set [tcp://127.0.0.1:6379] at /home/rotho98/Projects/wager/vendor/predis/predis/src/Connection/AbstractConnection.php:155)
[stacktrace]
#0 /home/rotho98/Projects/wager/vendor/predis/predis/src/Connection/StreamConnection.php(263): Predis\\Connection\\AbstractConnection->onConnectionError()
#1 /home/rotho98/Projects/wager/vendor/predis/predis/src/Connection/AbstractConnection.php(180): Predis\\Connection\\StreamConnection->connect()
#2 /home/rotho98/Projects/wager/vendor/predis/predis/src/Connection/StreamConnection.php(288): Predis\\Connection\\AbstractConnection->getResource()
#3 /home/rotho98/Projects/wager/vendor/predis/predis/src/Connection/StreamConnection.php(394): Predis\\Connection\\StreamConnection->write()
#4 /home/rotho98/Projects/wager/vendor/predis/predis/src/Connection/AbstractConnection.php(110): Predis\\Connection\\StreamConnection->writeRequest()
#5 /home/rotho98/Projects/wager/vendor/predis/predis/src/Client.php(331): Predis\\Connection\\AbstractConnection->executeCommand()
#6 /home/rotho98/Projects/wager/vendor/predis/predis/src/Client.php(314): Predis\\Client->executeCommand()
#7 /home/rotho98/Projects/wager/vendor/laravel/framework/src/Illuminate/Redis/Connections/Connection.php(116): Predis\\Client->__call()
#8 /home/rotho98/Projects/wager/vendor/laravel/framework/src/Illuminate/Redis/Connections/Connection.php(220): Illuminate\\Redis\\Connections\\Connection->command()
#9 /home/rotho98/Projects/wager/vendor/laravel/framework/src/Illuminate/Cache/RedisStore.php(54): Illuminate\\Redis\\Connections\\Connection->__call()
#10 /home/rotho98/Projects/wager/vendor/laravel/framework/src/Illuminate/Cache/Repository.php(97): Illuminate\\Cache\\RedisStore->get()
#11 /home/rotho98/Projects/wager/vendor/laravel/framework/src/Illuminate/Cache/Repository.php(374): Illuminate\\Cache\\Repository->get()
#12 /home/rotho98/Projects/wager/vendor/laravel/framework/src/Illuminate/Cache/CacheManager.php(383): Illuminate\\Cache\\Repository->remember()
#13 /home/rotho98/Projects/wager/vendor/laravel/framework/src/Illuminate/Support/Facades/Facade.php(261): Illuminate\\Cache\\CacheManager->__call()
#14 /home/rotho98/Projects/wager/app/Providers/TranslationServiceProvider.php(27): Illuminate\\Support\\Facades\\Facade::__callStatic()
#15 [internal function]: App\\Providers\\TranslationServiceProvider->boot()
#16 /home/rotho98/Projects/wager/vendor/laravel/framework/src/Illuminate/Container/BoundMethod.php(37): call_user_func_array()
#17 /home/rotho98/Projects/wager/vendor/laravel/framework/src/Illuminate/Container/Util.php(37): Illuminate\\Container\\BoundMethod::Illuminate\\Container\\{closure}()
#18 /home/rotho98/Projects/wager/vendor/laravel/framework/src/Illuminate/Container/BoundMethod.php(95): Illuminate\\Container\\Util::unwrapIfClosure()
#19 /home/rotho98/Projects/wager/vendor/laravel/framework/src/Illuminate/Container/BoundMethod.php(39): Illuminate\\Container\\BoundMethod::callBoundMethod()
#20 /home/rotho98/Projects/wager/vendor/laravel/framework/src/Illuminate/Container/Container.php(592): Illuminate\\Container\\BoundMethod::call()
#21 /home/rotho98/Projects/wager/vendor/laravel/framework/src/Illuminate/Foundation/Application.php(867): Illuminate\\Container\\Container->call()
#22 /home/rotho98/Projects/wager/vendor/laravel/framework/src/Illuminate/Foundation/Application.php(850): Illuminate\\Foundation\\Application->bootProvider()
#23 [internal function]: Illuminate\\Foundation\\Application->Illuminate\\Foundation\\{closure}()
#24 /home/rotho98/Projects/wager/vendor/laravel/framework/src/Illuminate/Foundation/Application.php(851): array_walk()
#25 /home/rotho98/Projects/wager/vendor/laravel/framework/src/Illuminate/Foundation/Bootstrap/BootProviders.php(17): Illuminate\\Foundation\\Application->boot()
#26 /home/rotho98/Projects/wager/vendor/laravel/framework/src/Illuminate/Foundation/Application.php(230): Illuminate\\Foundation\\Bootstrap\\BootProviders->bootstrap()
#27 /home/rotho98/Projects/wager/vendor/laravel/framework/src/Illuminate/Foundation/Console/Kernel.php(310): Illuminate\\Foundation\\Application->bootstrapWith()
#28 /home/rotho98/Projects/wager/vendor/laravel/framework/src/Illuminate/Foundation/Console/Kernel.php(127): Illuminate\\Foundation\\Console\\Kernel->bootstrap()
#29 /home/rotho98/Projects/wager/artisan(37): Illuminate\\Foundation\\Console\\Kernel->handle()
#30 {main}
"} 
[2020-10-10 20:30:47] local.ERROR: Trying to get property 'value' of non-object {"exception":"[object] (ErrorException(code: 0): Trying to get property 'value' of non-object at /home/rotho98/Projects/wager/resources/lang/ru/bonus.php:38)
[stacktrace]
#0 /home/rotho98/Projects/wager/resources/lang/ru/bonus.php(38): Illuminate\\Foundation\\Bootstrap\\HandleExceptions->handleError()
#1 /home/rotho98/Projects/wager/vendor/laravel/framework/src/Illuminate/Filesystem/Filesystem.php(97): require('/home/rotho98/P...')
#2 /home/rotho98/Projects/wager/vendor/laravel/framework/src/Illuminate/Translation/FileLoader.php(123): Illuminate\\Filesystem\\Filesystem->getRequire()
#3 /home/rotho98/Projects/wager/vendor/laravel/framework/src/Illuminate/Translation/FileLoader.php(67): Illuminate\\Translation\\FileLoader->loadPath()
#4 /home/rotho98/Projects/wager/vendor/laravel/framework/src/Illuminate/Translation/Translator.php(279): Illuminate\\Translation\\FileLoader->load()
#5 /home/rotho98/Projects/wager/vendor/laravel/framework/src/Illuminate/Translation/Translator.php(191): Illuminate\\Translation\\Translator->load()
#6 /home/rotho98/Projects/wager/vendor/laravel/framework/src/Illuminate/Translation/Translator.php(126): Illuminate\\Translation\\Translator->getLine()
#7 /home/rotho98/Projects/wager/vendor/laravel/framework/src/Illuminate/Foundation/helpers.php(864): Illuminate\\Translation\\Translator->get()
#8 /home/rotho98/Projects/wager/app/Providers/TranslationServiceProvider.php(35): trans()
#9 [internal function]: App\\Providers\\TranslationServiceProvider->App\\Providers\\{closure}()
#10 /home/rotho98/Projects/wager/vendor/laravel/framework/src/Illuminate/Support/Collection.php(638): array_map()
#11 /home/rotho98/Projects/wager/vendor/laravel/framework/src/Illuminate/Support/Traits/EnumeratesValues.php(311): Illuminate\\Support\\Collection->map()
#12 /home/rotho98/Projects/wager/app/Providers/TranslationServiceProvider.php(36): Illuminate\\Support\\Collection->flatMap()
#13 /home/rotho98/Projects/wager/app/Providers/TranslationServiceProvider.php(21): App\\Providers\\TranslationServiceProvider->phpTranslations()
#14 /home/rotho98/Projects/wager/vendor/laravel/framework/src/Illuminate/Cache/Repository.php(383): App\\Providers\\TranslationServiceProvider->App\\Providers\\{closure}()
#15 /home/rotho98/Projects/wager/vendor/laravel/framework/src/Illuminate/Cache/CacheManager.php(383): Illuminate\\Cache\\Repository->remember()
#16 /home/rotho98/Projects/wager/vendor/laravel/framework/src/Illuminate/Support/Facades/Facade.php(261): Illuminate\\Cache\\CacheManager->__call()
#17 /home/rotho98/Projects/wager/app/Providers/TranslationServiceProvider.php(27): Illuminate\\Support\\Facades\\Facade::__callStatic()
#18 [internal function]: App\\Providers\\TranslationServiceProvider->boot()
#19 /home/rotho98/Projects/wager/vendor/laravel/framework/src/Illuminate/Container/BoundMethod.php(37): call_user_func_array()
#20 /home/rotho98/Projects/wager/vendor/laravel/framework/src/Illuminate/Container/Util.php(37): Illuminate\\Container\\BoundMethod::Illuminate\\Container\\{closure}()
#21 /home/rotho98/Projects/wager/vendor/laravel/framework/src/Illuminate/Container/BoundMethod.php(95): Illuminate\\Container\\Util::unwrapIfClosure()
#22 /home/rotho98/Projects/wager/vendor/laravel/framework/src/Illuminate/Container/BoundMethod.php(39): Illuminate\\Container\\BoundMethod::callBoundMethod()
#23 /home/rotho98/Projects/wager/vendor/laravel/framework/src/Illuminate/Container/Container.php(592): Illuminate\\Container\\BoundMethod::call()
#24 /home/rotho98/Projects/wager/vendor/laravel/framework/src/Illuminate/Foundation/Application.php(867): Illuminate\\Container\\Container->call()
#25 /home/rotho98/Projects/wager/vendor/laravel/framework/src/Illuminate/Foundation/Application.php(850): Illuminate\\Foundation\\Application->bootProvider()
#26 [internal function]: Illuminate\\Foundation\\Application->Illuminate\\Foundation\\{closure}()
#27 /home/rotho98/Projects/wager/vendor/laravel/framework/src/Illuminate/Foundation/Application.php(851): array_walk()
#28 /home/rotho98/Projects/wager/vendor/laravel/framework/src/Illuminate/Foundation/Bootstrap/BootProviders.php(17): Illuminate\\Foundation\\Application->boot()
#29 /home/rotho98/Projects/wager/vendor/laravel/framework/src/Illuminate/Foundation/Application.php(230): Illuminate\\Foundation\\Bootstrap\\BootProviders->bootstrap()
#30 /home/rotho98/Projects/wager/vendor/laravel/framework/src/Illuminate/Foundation/Console/Kernel.php(310): Illuminate\\Foundation\\Application->bootstrapWith()
#31 /home/rotho98/Projects/wager/vendor/laravel/framework/src/Illuminate/Foundation/Console/Kernel.php(127): Illuminate\\Foundation\\Console\\Kernel->bootstrap()
#32 /home/rotho98/Projects/wager/artisan(37): Illuminate\\Foundation\\Console\\Kernel->handle()
#33 {main}
"} 
[2020-10-10 20:31:05] local.ERROR: Trying to get property 'value' of non-object {"exception":"[object] (ErrorException(code: 0): Trying to get property 'value' of non-object at /home/rotho98/Projects/wager/resources/lang/ru/general.php:136)
[stacktrace]
#0 /home/rotho98/Projects/wager/resources/lang/ru/general.php(136): Illuminate\\Foundation\\Bootstrap\\HandleExceptions->handleError()
#1 /home/rotho98/Projects/wager/vendor/laravel/framework/src/Illuminate/Filesystem/Filesystem.php(97): require('/home/rotho98/P...')
#2 /home/rotho98/Projects/wager/vendor/laravel/framework/src/Illuminate/Translation/FileLoader.php(123): Illuminate\\Filesystem\\Filesystem->getRequire()
#3 /home/rotho98/Projects/wager/vendor/laravel/framework/src/Illuminate/Translation/FileLoader.php(67): Illuminate\\Translation\\FileLoader->loadPath()
#4 /home/rotho98/Projects/wager/vendor/laravel/framework/src/Illuminate/Translation/Translator.php(279): Illuminate\\Translation\\FileLoader->load()
#5 /home/rotho98/Projects/wager/vendor/laravel/framework/src/Illuminate/Translation/Translator.php(191): Illuminate\\Translation\\Translator->load()
#6 /home/rotho98/Projects/wager/vendor/laravel/framework/src/Illuminate/Translation/Translator.php(126): Illuminate\\Translation\\Translator->getLine()
#7 /home/rotho98/Projects/wager/vendor/laravel/framework/src/Illuminate/Foundation/helpers.php(864): Illuminate\\Translation\\Translator->get()
#8 /home/rotho98/Projects/wager/app/Providers/TranslationServiceProvider.php(35): trans()
#9 [internal function]: App\\Providers\\TranslationServiceProvider->App\\Providers\\{closure}()
#10 /home/rotho98/Projects/wager/vendor/laravel/framework/src/Illuminate/Support/Collection.php(638): array_map()
#11 /home/rotho98/Projects/wager/vendor/laravel/framework/src/Illuminate/Support/Traits/EnumeratesValues.php(311): Illuminate\\Support\\Collection->map()
#12 /home/rotho98/Projects/wager/app/Providers/TranslationServiceProvider.php(36): Illuminate\\Support\\Collection->flatMap()
#13 /home/rotho98/Projects/wager/app/Providers/TranslationServiceProvider.php(21): App\\Providers\\TranslationServiceProvider->phpTranslations()
#14 /home/rotho98/Projects/wager/vendor/laravel/framework/src/Illuminate/Cache/Repository.php(383): App\\Providers\\TranslationServiceProvider->App\\Providers\\{closure}()
#15 /home/rotho98/Projects/wager/vendor/laravel/framework/src/Illuminate/Cache/CacheManager.php(383): Illuminate\\Cache\\Repository->remember()
#16 /home/rotho98/Projects/wager/vendor/laravel/framework/src/Illuminate/Support/Facades/Facade.php(261): Illuminate\\Cache\\CacheManager->__call()
#17 /home/rotho98/Projects/wager/app/Providers/TranslationServiceProvider.php(27): Illuminate\\Support\\Facades\\Facade::__callStatic()
#18 [internal function]: App\\Providers\\TranslationServiceProvider->boot()
#19 /home/rotho98/Projects/wager/vendor/laravel/framework/src/Illuminate/Container/BoundMethod.php(37): call_user_func_array()
#20 /home/rotho98/Projects/wager/vendor/laravel/framework/src/Illuminate/Container/Util.php(37): Illuminate\\Container\\BoundMethod::Illuminate\\Container\\{closure}()
#21 /home/rotho98/Projects/wager/vendor/laravel/framework/src/Illuminate/Container/BoundMethod.php(95): Illuminate\\Container\\Util::unwrapIfClosure()
#22 /home/rotho98/Projects/wager/vendor/laravel/framework/src/Illuminate/Container/BoundMethod.php(39): Illuminate\\Container\\BoundMethod::callBoundMethod()
#23 /home/rotho98/Projects/wager/vendor/laravel/framework/src/Illuminate/Container/Container.php(592): Illuminate\\Container\\BoundMethod::call()
#24 /home/rotho98/Projects/wager/vendor/laravel/framework/src/Illuminate/Foundation/Application.php(867): Illuminate\\Container\\Container->call()
#25 /home/rotho98/Projects/wager/vendor/laravel/framework/src/Illuminate/Foundation/Application.php(850): Illuminate\\Foundation\\Application->bootProvider()
#26 [internal function]: Illuminate\\Foundation\\Application->Illuminate\\Foundation\\{closure}()
#27 /home/rotho98/Projects/wager/vendor/laravel/framework/src/Illuminate/Foundation/Application.php(851): array_walk()
#28 /home/rotho98/Projects/wager/vendor/laravel/framework/src/Illuminate/Foundation/Bootstrap/BootProviders.php(17): Illuminate\\Foundation\\Application->boot()
#29 /home/rotho98/Projects/wager/vendor/laravel/framework/src/Illuminate/Foundation/Application.php(230): Illuminate\\Foundation\\Bootstrap\\BootProviders->bootstrap()
#30 /home/rotho98/Projects/wager/vendor/laravel/framework/src/Illuminate/Foundation/Console/Kernel.php(310): Illuminate\\Foundation\\Application->bootstrapWith()
#31 /home/rotho98/Projects/wager/vendor/laravel/framework/src/Illuminate/Foundation/Console/Kernel.php(127): Illuminate\\Foundation\\Console\\Kernel->bootstrap()
#32 /home/rotho98/Projects/wager/artisan(37): Illuminate\\Foundation\\Console\\Kernel->handle()
#33 {main}
"} 
[2020-10-10 20:31:14] local.ERROR: Trying to get property 'value' of non-object {"exception":"[object] (ErrorException(code: 0): Trying to get property 'value' of non-object at /home/rotho98/Projects/wager/resources/lang/ru/general.php:178)
[stacktrace]
#0 /home/rotho98/Projects/wager/resources/lang/ru/general.php(178): Illuminate\\Foundation\\Bootstrap\\HandleExceptions->handleError()
#1 /home/rotho98/Projects/wager/vendor/laravel/framework/src/Illuminate/Filesystem/Filesystem.php(97): require('/home/rotho98/P...')
#2 /home/rotho98/Projects/wager/vendor/laravel/framework/src/Illuminate/Translation/FileLoader.php(123): Illuminate\\Filesystem\\Filesystem->getRequire()
#3 /home/rotho98/Projects/wager/vendor/laravel/framework/src/Illuminate/Translation/FileLoader.php(67): Illuminate\\Translation\\FileLoader->loadPath()
#4 /home/rotho98/Projects/wager/vendor/laravel/framework/src/Illuminate/Translation/Translator.php(279): Illuminate\\Translation\\FileLoader->load()
#5 /home/rotho98/Projects/wager/vendor/laravel/framework/src/Illuminate/Translation/Translator.php(191): Illuminate\\Translation\\Translator->load()
#6 /home/rotho98/Projects/wager/vendor/laravel/framework/src/Illuminate/Translation/Translator.php(126): Illuminate\\Translation\\Translator->getLine()
#7 /home/rotho98/Projects/wager/vendor/laravel/framework/src/Illuminate/Foundation/helpers.php(864): Illuminate\\Translation\\Translator->get()
#8 /home/rotho98/Projects/wager/app/Providers/TranslationServiceProvider.php(35): trans()
#9 [internal function]: App\\Providers\\TranslationServiceProvider->App\\Providers\\{closure}()
#10 /home/rotho98/Projects/wager/vendor/laravel/framework/src/Illuminate/Support/Collection.php(638): array_map()
#11 /home/rotho98/Projects/wager/vendor/laravel/framework/src/Illuminate/Support/Traits/EnumeratesValues.php(311): Illuminate\\Support\\Collection->map()
#12 /home/rotho98/Projects/wager/app/Providers/TranslationServiceProvider.php(36): Illuminate\\Support\\Collection->flatMap()
#13 /home/rotho98/Projects/wager/app/Providers/TranslationServiceProvider.php(21): App\\Providers\\TranslationServiceProvider->phpTranslations()
#14 /home/rotho98/Projects/wager/vendor/laravel/framework/src/Illuminate/Cache/Repository.php(383): App\\Providers\\TranslationServiceProvider->App\\Providers\\{closure}()
#15 /home/rotho98/Projects/wager/vendor/laravel/framework/src/Illuminate/Cache/CacheManager.php(383): Illuminate\\Cache\\Repository->remember()
#16 /home/rotho98/Projects/wager/vendor/laravel/framework/src/Illuminate/Support/Facades/Facade.php(261): Illuminate\\Cache\\CacheManager->__call()
#17 /home/rotho98/Projects/wager/app/Providers/TranslationServiceProvider.php(27): Illuminate\\Support\\Facades\\Facade::__callStatic()
#18 [internal function]: App\\Providers\\TranslationServiceProvider->boot()
#19 /home/rotho98/Projects/wager/vendor/laravel/framework/src/Illuminate/Container/BoundMethod.php(37): call_user_func_array()
#20 /home/rotho98/Projects/wager/vendor/laravel/framework/src/Illuminate/Container/Util.php(37): Illuminate\\Container\\BoundMethod::Illuminate\\Container\\{closure}()
#21 /home/rotho98/Projects/wager/vendor/laravel/framework/src/Illuminate/Container/BoundMethod.php(95): Illuminate\\Container\\Util::unwrapIfClosure()
#22 /home/rotho98/Projects/wager/vendor/laravel/framework/src/Illuminate/Container/BoundMethod.php(39): Illuminate\\Container\\BoundMethod::callBoundMethod()
#23 /home/rotho98/Projects/wager/vendor/laravel/framework/src/Illuminate/Container/Container.php(592): Illuminate\\Container\\BoundMethod::call()
#24 /home/rotho98/Projects/wager/vendor/laravel/framework/src/Illuminate/Foundation/Application.php(867): Illuminate\\Container\\Container->call()
#25 /home/rotho98/Projects/wager/vendor/laravel/framework/src/Illuminate/Foundation/Application.php(850): Illuminate\\Foundation\\Application->bootProvider()
#26 [internal function]: Illuminate\\Foundation\\Application->Illuminate\\Foundation\\{closure}()
#27 /home/rotho98/Projects/wager/vendor/laravel/framework/src/Illuminate/Foundation/Application.php(851): array_walk()
#28 /home/rotho98/Projects/wager/vendor/laravel/framework/src/Illuminate/Foundation/Bootstrap/BootProviders.php(17): Illuminate\\Foundation\\Application->boot()
#29 /home/rotho98/Projects/wager/vendor/laravel/framework/src/Illuminate/Foundation/Application.php(230): Illuminate\\Foundation\\Bootstrap\\BootProviders->bootstrap()
#30 /home/rotho98/Projects/wager/vendor/laravel/framework/src/Illuminate/Foundation/Console/Kernel.php(310): Illuminate\\Foundation\\Application->bootstrapWith()
#31 /home/rotho98/Projects/wager/vendor/laravel/framework/src/Illuminate/Foundation/Console/Kernel.php(127): Illuminate\\Foundation\\Console\\Kernel->bootstrap()
#32 /home/rotho98/Projects/wager/artisan(37): Illuminate\\Foundation\\Console\\Kernel->handle()
#33 {main}
"} 
[2020-10-10 20:31:29] local.ERROR: Trying to get property 'value' of non-object {"exception":"[object] (ErrorException(code: 0): Trying to get property 'value' of non-object at /home/rotho98/Projects/wager/resources/lang/en/bonus.php:38)
[stacktrace]
#0 /home/rotho98/Projects/wager/resources/lang/en/bonus.php(38): Illuminate\\Foundation\\Bootstrap\\HandleExceptions->handleError()
#1 /home/rotho98/Projects/wager/vendor/laravel/framework/src/Illuminate/Filesystem/Filesystem.php(97): require('/home/rotho98/P...')
#2 /home/rotho98/Projects/wager/vendor/laravel/framework/src/Illuminate/Translation/FileLoader.php(123): Illuminate\\Filesystem\\Filesystem->getRequire()
#3 /home/rotho98/Projects/wager/vendor/laravel/framework/src/Illuminate/Translation/FileLoader.php(67): Illuminate\\Translation\\FileLoader->loadPath()
#4 /home/rotho98/Projects/wager/vendor/laravel/framework/src/Illuminate/Translation/Translator.php(279): Illuminate\\Translation\\FileLoader->load()
#5 /home/rotho98/Projects/wager/vendor/laravel/framework/src/Illuminate/Translation/Translator.php(191): Illuminate\\Translation\\Translator->load()
#6 /home/rotho98/Projects/wager/vendor/laravel/framework/src/Illuminate/Translation/Translator.php(126): Illuminate\\Translation\\Translator->getLine()
#7 /home/rotho98/Projects/wager/vendor/laravel/framework/src/Illuminate/Foundation/helpers.php(864): Illuminate\\Translation\\Translator->get()
#8 /home/rotho98/Projects/wager/app/Providers/TranslationServiceProvider.php(35): trans()
#9 [internal function]: App\\Providers\\TranslationServiceProvider->App\\Providers\\{closure}()
#10 /home/rotho98/Projects/wager/vendor/laravel/framework/src/Illuminate/Support/Collection.php(638): array_map()
#11 /home/rotho98/Projects/wager/vendor/laravel/framework/src/Illuminate/Support/Traits/EnumeratesValues.php(311): Illuminate\\Support\\Collection->map()
#12 /home/rotho98/Projects/wager/app/Providers/TranslationServiceProvider.php(36): Illuminate\\Support\\Collection->flatMap()
#13 /home/rotho98/Projects/wager/app/Providers/TranslationServiceProvider.php(21): App\\Providers\\TranslationServiceProvider->phpTranslations()
#14 /home/rotho98/Projects/wager/vendor/laravel/framework/src/Illuminate/Cache/Repository.php(383): App\\Providers\\TranslationServiceProvider->App\\Providers\\{closure}()
#15 /home/rotho98/Projects/wager/vendor/laravel/framework/src/Illuminate/Cache/CacheManager.php(383): Illuminate\\Cache\\Repository->remember()
#16 /home/rotho98/Projects/wager/vendor/laravel/framework/src/Illuminate/Support/Facades/Facade.php(261): Illuminate\\Cache\\CacheManager->__call()
#17 /home/rotho98/Projects/wager/app/Providers/TranslationServiceProvider.php(27): Illuminate\\Support\\Facades\\Facade::__callStatic()
#18 [internal function]: App\\Providers\\TranslationServiceProvider->boot()
#19 /home/rotho98/Projects/wager/vendor/laravel/framework/src/Illuminate/Container/BoundMethod.php(37): call_user_func_array()
#20 /home/rotho98/Projects/wager/vendor/laravel/framework/src/Illuminate/Container/Util.php(37): Illuminate\\Container\\BoundMethod::Illuminate\\Container\\{closure}()
#21 /home/rotho98/Projects/wager/vendor/laravel/framework/src/Illuminate/Container/BoundMethod.php(95): Illuminate\\Container\\Util::unwrapIfClosure()
#22 /home/rotho98/Projects/wager/vendor/laravel/framework/src/Illuminate/Container/BoundMethod.php(39): Illuminate\\Container\\BoundMethod::callBoundMethod()
#23 /home/rotho98/Projects/wager/vendor/laravel/framework/src/Illuminate/Container/Container.php(592): Illuminate\\Container\\BoundMethod::call()
#24 /home/rotho98/Projects/wager/vendor/laravel/framework/src/Illuminate/Foundation/Application.php(867): Illuminate\\Container\\Container->call()
#25 /home/rotho98/Projects/wager/vendor/laravel/framework/src/Illuminate/Foundation/Application.php(850): Illuminate\\Foundation\\Application->bootProvider()
#26 [internal function]: Illuminate\\Foundation\\Application->Illuminate\\Foundation\\{closure}()
#27 /home/rotho98/Projects/wager/vendor/laravel/framework/src/Illuminate/Foundation/Application.php(851): array_walk()
#28 /home/rotho98/Projects/wager/vendor/laravel/framework/src/Illuminate/Foundation/Bootstrap/BootProviders.php(17): Illuminate\\Foundation\\Application->boot()
#29 /home/rotho98/Projects/wager/vendor/laravel/framework/src/Illuminate/Foundation/Application.php(230): Illuminate\\Foundation\\Bootstrap\\BootProviders->bootstrap()
#30 /home/rotho98/Projects/wager/vendor/laravel/framework/src/Illuminate/Foundation/Console/Kernel.php(310): Illuminate\\Foundation\\Application->bootstrapWith()
#31 /home/rotho98/Projects/wager/vendor/laravel/framework/src/Illuminate/Foundation/Console/Kernel.php(127): Illuminate\\Foundation\\Console\\Kernel->bootstrap()
#32 /home/rotho98/Projects/wager/artisan(37): Illuminate\\Foundation\\Console\\Kernel->handle()
#33 {main}
"} 
[2020-10-10 20:31:40] local.ERROR: Trying to get property 'value' of non-object {"exception":"[object] (ErrorException(code: 0): Trying to get property 'value' of non-object at /home/rotho98/Projects/wager/resources/lang/en/general.php:139)
[stacktrace]
#0 /home/rotho98/Projects/wager/resources/lang/en/general.php(139): Illuminate\\Foundation\\Bootstrap\\HandleExceptions->handleError()
#1 /home/rotho98/Projects/wager/vendor/laravel/framework/src/Illuminate/Filesystem/Filesystem.php(97): require('/home/rotho98/P...')
#2 /home/rotho98/Projects/wager/vendor/laravel/framework/src/Illuminate/Translation/FileLoader.php(123): Illuminate\\Filesystem\\Filesystem->getRequire()
#3 /home/rotho98/Projects/wager/vendor/laravel/framework/src/Illuminate/Translation/FileLoader.php(67): Illuminate\\Translation\\FileLoader->loadPath()
#4 /home/rotho98/Projects/wager/vendor/laravel/framework/src/Illuminate/Translation/Translator.php(279): Illuminate\\Translation\\FileLoader->load()
#5 /home/rotho98/Projects/wager/vendor/laravel/framework/src/Illuminate/Translation/Translator.php(191): Illuminate\\Translation\\Translator->load()
#6 /home/rotho98/Projects/wager/vendor/laravel/framework/src/Illuminate/Translation/Translator.php(126): Illuminate\\Translation\\Translator->getLine()
#7 /home/rotho98/Projects/wager/vendor/laravel/framework/src/Illuminate/Foundation/helpers.php(864): Illuminate\\Translation\\Translator->get()
#8 /home/rotho98/Projects/wager/app/Providers/TranslationServiceProvider.php(35): trans()
#9 [internal function]: App\\Providers\\TranslationServiceProvider->App\\Providers\\{closure}()
#10 /home/rotho98/Projects/wager/vendor/laravel/framework/src/Illuminate/Support/Collection.php(638): array_map()
#11 /home/rotho98/Projects/wager/vendor/laravel/framework/src/Illuminate/Support/Traits/EnumeratesValues.php(311): Illuminate\\Support\\Collection->map()
#12 /home/rotho98/Projects/wager/app/Providers/TranslationServiceProvider.php(36): Illuminate\\Support\\Collection->flatMap()
#13 /home/rotho98/Projects/wager/app/Providers/TranslationServiceProvider.php(21): App\\Providers\\TranslationServiceProvider->phpTranslations()
#14 /home/rotho98/Projects/wager/vendor/laravel/framework/src/Illuminate/Cache/Repository.php(383): App\\Providers\\TranslationServiceProvider->App\\Providers\\{closure}()
#15 /home/rotho98/Projects/wager/vendor/laravel/framework/src/Illuminate/Cache/CacheManager.php(383): Illuminate\\Cache\\Repository->remember()
#16 /home/rotho98/Projects/wager/vendor/laravel/framework/src/Illuminate/Support/Facades/Facade.php(261): Illuminate\\Cache\\CacheManager->__call()
#17 /home/rotho98/Projects/wager/app/Providers/TranslationServiceProvider.php(27): Illuminate\\Support\\Facades\\Facade::__callStatic()
#18 [internal function]: App\\Providers\\TranslationServiceProvider->boot()
#19 /home/rotho98/Projects/wager/vendor/laravel/framework/src/Illuminate/Container/BoundMethod.php(37): call_user_func_array()
#20 /home/rotho98/Projects/wager/vendor/laravel/framework/src/Illuminate/Container/Util.php(37): Illuminate\\Container\\BoundMethod::Illuminate\\Container\\{closure}()
#21 /home/rotho98/Projects/wager/vendor/laravel/framework/src/Illuminate/Container/BoundMethod.php(95): Illuminate\\Container\\Util::unwrapIfClosure()
#22 /home/rotho98/Projects/wager/vendor/laravel/framework/src/Illuminate/Container/BoundMethod.php(39): Illuminate\\Container\\BoundMethod::callBoundMethod()
#23 /home/rotho98/Projects/wager/vendor/laravel/framework/src/Illuminate/Container/Container.php(592): Illuminate\\Container\\BoundMethod::call()
#24 /home/rotho98/Projects/wager/vendor/laravel/framework/src/Illuminate/Foundation/Application.php(867): Illuminate\\Container\\Container->call()
#25 /home/rotho98/Projects/wager/vendor/laravel/framework/src/Illuminate/Foundation/Application.php(850): Illuminate\\Foundation\\Application->bootProvider()
#26 [internal function]: Illuminate\\Foundation\\Application->Illuminate\\Foundation\\{closure}()
#27 /home/rotho98/Projects/wager/vendor/laravel/framework/src/Illuminate/Foundation/Application.php(851): array_walk()
#28 /home/rotho98/Projects/wager/vendor/laravel/framework/src/Illuminate/Foundation/Bootstrap/BootProviders.php(17): Illuminate\\Foundation\\Application->boot()
#29 /home/rotho98/Projects/wager/vendor/laravel/framework/src/Illuminate/Foundation/Application.php(230): Illuminate\\Foundation\\Bootstrap\\BootProviders->bootstrap()
#30 /home/rotho98/Projects/wager/vendor/laravel/framework/src/Illuminate/Foundation/Console/Kernel.php(310): Illuminate\\Foundation\\Application->bootstrapWith()
#31 /home/rotho98/Projects/wager/vendor/laravel/framework/src/Illuminate/Foundation/Console/Kernel.php(127): Illuminate\\Foundation\\Console\\Kernel->bootstrap()
#32 /home/rotho98/Projects/wager/artisan(37): Illuminate\\Foundation\\Console\\Kernel->handle()
#33 {main}
"} 
[2020-10-10 20:31:47] local.ERROR: Trying to get property 'value' of non-object {"exception":"[object] (ErrorException(code: 0): Trying to get property 'value' of non-object at /home/rotho98/Projects/wager/resources/lang/en/general.php:181)
[stacktrace]
#0 /home/rotho98/Projects/wager/resources/lang/en/general.php(181): Illuminate\\Foundation\\Bootstrap\\HandleExceptions->handleError()
#1 /home/rotho98/Projects/wager/vendor/laravel/framework/src/Illuminate/Filesystem/Filesystem.php(97): require('/home/rotho98/P...')
#2 /home/rotho98/Projects/wager/vendor/laravel/framework/src/Illuminate/Translation/FileLoader.php(123): Illuminate\\Filesystem\\Filesystem->getRequire()
#3 /home/rotho98/Projects/wager/vendor/laravel/framework/src/Illuminate/Translation/FileLoader.php(67): Illuminate\\Translation\\FileLoader->loadPath()
#4 /home/rotho98/Projects/wager/vendor/laravel/framework/src/Illuminate/Translation/Translator.php(279): Illuminate\\Translation\\FileLoader->load()
#5 /home/rotho98/Projects/wager/vendor/laravel/framework/src/Illuminate/Translation/Translator.php(191): Illuminate\\Translation\\Translator->load()
#6 /home/rotho98/Projects/wager/vendor/laravel/framework/src/Illuminate/Translation/Translator.php(126): Illuminate\\Translation\\Translator->getLine()
#7 /home/rotho98/Projects/wager/vendor/laravel/framework/src/Illuminate/Foundation/helpers.php(864): Illuminate\\Translation\\Translator->get()
#8 /home/rotho98/Projects/wager/app/Providers/TranslationServiceProvider.php(35): trans()
#9 [internal function]: App\\Providers\\TranslationServiceProvider->App\\Providers\\{closure}()
#10 /home/rotho98/Projects/wager/vendor/laravel/framework/src/Illuminate/Support/Collection.php(638): array_map()
#11 /home/rotho98/Projects/wager/vendor/laravel/framework/src/Illuminate/Support/Traits/EnumeratesValues.php(311): Illuminate\\Support\\Collection->map()
#12 /home/rotho98/Projects/wager/app/Providers/TranslationServiceProvider.php(36): Illuminate\\Support\\Collection->flatMap()
#13 /home/rotho98/Projects/wager/app/Providers/TranslationServiceProvider.php(21): App\\Providers\\TranslationServiceProvider->phpTranslations()
#14 /home/rotho98/Projects/wager/vendor/laravel/framework/src/Illuminate/Cache/Repository.php(383): App\\Providers\\TranslationServiceProvider->App\\Providers\\{closure}()
#15 /home/rotho98/Projects/wager/vendor/laravel/framework/src/Illuminate/Cache/CacheManager.php(383): Illuminate\\Cache\\Repository->remember()
#16 /home/rotho98/Projects/wager/vendor/laravel/framework/src/Illuminate/Support/Facades/Facade.php(261): Illuminate\\Cache\\CacheManager->__call()
#17 /home/rotho98/Projects/wager/app/Providers/TranslationServiceProvider.php(27): Illuminate\\Support\\Facades\\Facade::__callStatic()
#18 [internal function]: App\\Providers\\TranslationServiceProvider->boot()
#19 /home/rotho98/Projects/wager/vendor/laravel/framework/src/Illuminate/Container/BoundMethod.php(37): call_user_func_array()
#20 /home/rotho98/Projects/wager/vendor/laravel/framework/src/Illuminate/Container/Util.php(37): Illuminate\\Container\\BoundMethod::Illuminate\\Container\\{closure}()
#21 /home/rotho98/Projects/wager/vendor/laravel/framework/src/Illuminate/Container/BoundMethod.php(95): Illuminate\\Container\\Util::unwrapIfClosure()
#22 /home/rotho98/Projects/wager/vendor/laravel/framework/src/Illuminate/Container/BoundMethod.php(39): Illuminate\\Container\\BoundMethod::callBoundMethod()
#23 /home/rotho98/Projects/wager/vendor/laravel/framework/src/Illuminate/Container/Container.php(592): Illuminate\\Container\\BoundMethod::call()
#24 /home/rotho98/Projects/wager/vendor/laravel/framework/src/Illuminate/Foundation/Application.php(867): Illuminate\\Container\\Container->call()
#25 /home/rotho98/Projects/wager/vendor/laravel/framework/src/Illuminate/Foundation/Application.php(850): Illuminate\\Foundation\\Application->bootProvider()
#26 [internal function]: Illuminate\\Foundation\\Application->Illuminate\\Foundation\\{closure}()
#27 /home/rotho98/Projects/wager/vendor/laravel/framework/src/Illuminate/Foundation/Application.php(851): array_walk()
#28 /home/rotho98/Projects/wager/vendor/laravel/framework/src/Illuminate/Foundation/Bootstrap/BootProviders.php(17): Illuminate\\Foundation\\Application->boot()
#29 /home/rotho98/Projects/wager/vendor/laravel/framework/src/Illuminate/Foundation/Application.php(230): Illuminate\\Foundation\\Bootstrap\\BootProviders->bootstrap()
#30 /home/rotho98/Projects/wager/vendor/laravel/framework/src/Illuminate/Foundation/Console/Kernel.php(310): Illuminate\\Foundation\\Application->bootstrapWith()
#31 /home/rotho98/Projects/wager/vendor/laravel/framework/src/Illuminate/Foundation/Console/Kernel.php(127): Illuminate\\Foundation\\Console\\Kernel->bootstrap()
#32 /home/rotho98/Projects/wager/artisan(37): Illuminate\\Foundation\\Console\\Kernel->handle()
#33 {main}
"} 
[2020-10-10 20:32:13] local.ERROR: Trying to get property 'value' of non-object {"exception":"[object] (ErrorException(code: 0): Trying to get property 'value' of non-object at /home/rotho98/Projects/wager/routes/api.php:326)
[stacktrace]
#0 /home/rotho98/Projects/wager/routes/api.php(326): Illuminate\\Foundation\\Bootstrap\\HandleExceptions->handleError()
#1 /home/rotho98/Projects/wager/vendor/laravel/framework/src/Illuminate/Routing/Route.php(225): Illuminate\\Routing\\RouteFileRegistrar->{closure}()
#2 /home/rotho98/Projects/wager/vendor/laravel/framework/src/Illuminate/Routing/Route.php(199): Illuminate\\Routing\\Route->runCallable()
#3 /home/rotho98/Projects/wager/vendor/laravel/framework/src/Illuminate/Routing/Router.php(685): Illuminate\\Routing\\Route->run()
#4 /home/rotho98/Projects/wager/vendor/laravel/framework/src/Illuminate/Pipeline/Pipeline.php(128): Illuminate\\Routing\\Router->Illuminate\\Routing\\{closure}()
#5 /home/rotho98/Projects/wager/app/Http/Middleware/LastUserActivity.php(26): Illuminate\\Pipeline\\Pipeline->Illuminate\\Pipeline\\{closure}()
#6 /home/rotho98/Projects/wager/vendor/laravel/framework/src/Illuminate/Pipeline/Pipeline.php(167): App\\Http\\Middleware\\LastUserActivity->handle()
#7 /home/rotho98/Projects/wager/app/Http/Middleware/Api2FAMiddleware.php(20): Illuminate\\Pipeline\\Pipeline->Illuminate\\Pipeline\\{closure}()
#8 /home/rotho98/Projects/wager/vendor/laravel/framework/src/Illuminate/Pipeline/Pipeline.php(167): App\\Http\\Middleware\\Api2FAMiddleware->handle()
#9 /home/rotho98/Projects/wager/vendor/laravel/framework/src/Illuminate/Routing/Middleware/SubstituteBindings.php(41): Illuminate\\Pipeline\\Pipeline->Illuminate\\Pipeline\\{closure}()
#10 /home/rotho98/Projects/wager/vendor/laravel/framework/src/Illuminate/Pipeline/Pipeline.php(167): Illuminate\\Routing\\Middleware\\SubstituteBindings->handle()
#11 /home/rotho98/Projects/wager/vendor/laravel/framework/src/Illuminate/Pipeline/Pipeline.php(103): Illuminate\\Pipeline\\Pipeline->Illuminate\\Pipeline\\{closure}()
#12 /home/rotho98/Projects/wager/vendor/laravel/framework/src/Illuminate/Routing/Router.php(687): Illuminate\\Pipeline\\Pipeline->then()
#13 /home/rotho98/Projects/wager/vendor/laravel/framework/src/Illuminate/Routing/Router.php(662): Illuminate\\Routing\\Router->runRouteWithinStack()
#14 /home/rotho98/Projects/wager/vendor/laravel/framework/src/Illuminate/Routing/Router.php(628): Illuminate\\Routing\\Router->runRoute()
#15 /home/rotho98/Projects/wager/vendor/laravel/framework/src/Illuminate/Routing/Router.php(617): Illuminate\\Routing\\Router->dispatchToRoute()
#16 /home/rotho98/Projects/wager/vendor/laravel/framework/src/Illuminate/Foundation/Http/Kernel.php(165): Illuminate\\Routing\\Router->dispatch()
#17 /home/rotho98/Projects/wager/vendor/laravel/framework/src/Illuminate/Pipeline/Pipeline.php(128): Illuminate\\Foundation\\Http\\Kernel->Illuminate\\Foundation\\Http\\{closure}()
#18 /home/rotho98/Projects/wager/vendor/barryvdh/laravel-debugbar/src/Middleware/InjectDebugbar.php(58): Illuminate\\Pipeline\\Pipeline->Illuminate\\Pipeline\\{closure}()
#19 /home/rotho98/Projects/wager/vendor/laravel/framework/src/Illuminate/Pipeline/Pipeline.php(167): Barryvdh\\Debugbar\\Middleware\\InjectDebugbar->handle()
#20 /home/rotho98/Projects/wager/app/Http/Middleware/AverageResponseTime.php(19): Illuminate\\Pipeline\\Pipeline->Illuminate\\Pipeline\\{closure}()
#21 /home/rotho98/Projects/wager/vendor/laravel/framework/src/Illuminate/Pipeline/Pipeline.php(167): App\\Http\\Middleware\\AverageResponseTime->handle()
#22 /home/rotho98/Projects/wager/app/Http/Middleware/MultiaccountCheck.php(18): Illuminate\\Pipeline\\Pipeline->Illuminate\\Pipeline\\{closure}()
#23 /home/rotho98/Projects/wager/vendor/laravel/framework/src/Illuminate/Pipeline/Pipeline.php(167): App\\Http\\Middleware\\MultiaccountCheck->handle()
#24 /home/rotho98/Projects/wager/vendor/laravel/framework/src/Illuminate/Foundation/Http/Middleware/TransformsRequest.php(21): Illuminate\\Pipeline\\Pipeline->Illuminate\\Pipeline\\{closure}()
#25 /home/rotho98/Projects/wager/vendor/laravel/framework/src/Illuminate/Pipeline/Pipeline.php(167): Illuminate\\Foundation\\Http\\Middleware\\TransformsRequest->handle()
#26 /home/rotho98/Projects/wager/vendor/laravel/framework/src/Illuminate/Foundation/Http/Middleware/TransformsRequest.php(21): Illuminate\\Pipeline\\Pipeline->Illuminate\\Pipeline\\{closure}()
#27 /home/rotho98/Projects/wager/vendor/laravel/framework/src/Illuminate/Pipeline/Pipeline.php(167): Illuminate\\Foundation\\Http\\Middleware\\TransformsRequest->handle()
#28 /home/rotho98/Projects/wager/vendor/laravel/framework/src/Illuminate/Foundation/Http/Middleware/ValidatePostSize.php(27): Illuminate\\Pipeline\\Pipeline->Illuminate\\Pipeline\\{closure}()
#29 /home/rotho98/Projects/wager/vendor/laravel/framework/src/Illuminate/Pipeline/Pipeline.php(167): Illuminate\\Foundation\\Http\\Middleware\\ValidatePostSize->handle()
#30 /home/rotho98/Projects/wager/app/Http/Middleware/CheckForMaintenanceMode.php(65): Illuminate\\Pipeline\\Pipeline->Illuminate\\Pipeline\\{closure}()
#31 /home/rotho98/Projects/wager/vendor/laravel/framework/src/Illuminate/Pipeline/Pipeline.php(167): App\\Http\\Middleware\\CheckForMaintenanceMode->handle()
#32 /home/rotho98/Projects/wager/vendor/fruitcake/laravel-cors/src/HandleCors.php(37): Illuminate\\Pipeline\\Pipeline->Illuminate\\Pipeline\\{closure}()
#33 /home/rotho98/Projects/wager/vendor/laravel/framework/src/Illuminate/Pipeline/Pipeline.php(167): Fruitcake\\Cors\\HandleCors->handle()
#34 /home/rotho98/Projects/wager/vendor/fideloper/proxy/src/TrustProxies.php(57): Illuminate\\Pipeline\\Pipeline->Illuminate\\Pipeline\\{closure}()
#35 /home/rotho98/Projects/wager/vendor/laravel/framework/src/Illuminate/Pipeline/Pipeline.php(167): Fideloper\\Proxy\\TrustProxies->handle()
#36 /home/rotho98/Projects/wager/vendor/laravel/framework/src/Illuminate/Session/Middleware/StartSession.php(116): Illuminate\\Pipeline\\Pipeline->Illuminate\\Pipeline\\{closure}()
#37 /home/rotho98/Projects/wager/vendor/laravel/framework/src/Illuminate/Session/Middleware/StartSession.php(62): Illuminate\\Session\\Middleware\\StartSession->handleStatefulRequest()
#38 /home/rotho98/Projects/wager/vendor/laravel/framework/src/Illuminate/Pipeline/Pipeline.php(167): Illuminate\\Session\\Middleware\\StartSession->handle()
#39 /home/rotho98/Projects/wager/vendor/laravel/framework/src/Illuminate/Pipeline/Pipeline.php(103): Illuminate\\Pipeline\\Pipeline->Illuminate\\Pipeline\\{closure}()
#40 /home/rotho98/Projects/wager/vendor/laravel/framework/src/Illuminate/Foundation/Http/Kernel.php(140): Illuminate\\Pipeline\\Pipeline->then()
#41 /home/rotho98/Projects/wager/vendor/laravel/framework/src/Illuminate/Foundation/Http/Kernel.php(109): Illuminate\\Foundation\\Http\\Kernel->sendRequestThroughRouter()
#42 /home/rotho98/Projects/wager/public/index.php(55): Illuminate\\Foundation\\Http\\Kernel->handle()
#43 /home/rotho98/Projects/wager/server.php(21): require_once('/home/rotho98/P...')
#44 {main}
"} 
[2020-10-10 20:33:51] local.ERROR: Trying to get property 'value' of non-object {"exception":"[object] (ErrorException(code: 0): Trying to get property 'value' of non-object at /home/rotho98/Projects/wager/routes/api.php:326)
[stacktrace]
#0 /home/rotho98/Projects/wager/routes/api.php(326): Illuminate\\Foundation\\Bootstrap\\HandleExceptions->handleError()
#1 /home/rotho98/Projects/wager/vendor/laravel/framework/src/Illuminate/Routing/Route.php(225): Illuminate\\Routing\\RouteFileRegistrar->{closure}()
#2 /home/rotho98/Projects/wager/vendor/laravel/framework/src/Illuminate/Routing/Route.php(199): Illuminate\\Routing\\Route->runCallable()
#3 /home/rotho98/Projects/wager/vendor/laravel/framework/src/Illuminate/Routing/Router.php(685): Illuminate\\Routing\\Route->run()
#4 /home/rotho98/Projects/wager/vendor/laravel/framework/src/Illuminate/Pipeline/Pipeline.php(128): Illuminate\\Routing\\Router->Illuminate\\Routing\\{closure}()
#5 /home/rotho98/Projects/wager/app/Http/Middleware/LastUserActivity.php(26): Illuminate\\Pipeline\\Pipeline->Illuminate\\Pipeline\\{closure}()
#6 /home/rotho98/Projects/wager/vendor/laravel/framework/src/Illuminate/Pipeline/Pipeline.php(167): App\\Http\\Middleware\\LastUserActivity->handle()
#7 /home/rotho98/Projects/wager/app/Http/Middleware/Api2FAMiddleware.php(20): Illuminate\\Pipeline\\Pipeline->Illuminate\\Pipeline\\{closure}()
#8 /home/rotho98/Projects/wager/vendor/laravel/framework/src/Illuminate/Pipeline/Pipeline.php(167): App\\Http\\Middleware\\Api2FAMiddleware->handle()
#9 /home/rotho98/Projects/wager/vendor/laravel/framework/src/Illuminate/Routing/Middleware/SubstituteBindings.php(41): Illuminate\\Pipeline\\Pipeline->Illuminate\\Pipeline\\{closure}()
#10 /home/rotho98/Projects/wager/vendor/laravel/framework/src/Illuminate/Pipeline/Pipeline.php(167): Illuminate\\Routing\\Middleware\\SubstituteBindings->handle()
#11 /home/rotho98/Projects/wager/vendor/laravel/framework/src/Illuminate/Pipeline/Pipeline.php(103): Illuminate\\Pipeline\\Pipeline->Illuminate\\Pipeline\\{closure}()
#12 /home/rotho98/Projects/wager/vendor/laravel/framework/src/Illuminate/Routing/Router.php(687): Illuminate\\Pipeline\\Pipeline->then()
#13 /home/rotho98/Projects/wager/vendor/laravel/framework/src/Illuminate/Routing/Router.php(662): Illuminate\\Routing\\Router->runRouteWithinStack()
#14 /home/rotho98/Projects/wager/vendor/laravel/framework/src/Illuminate/Routing/Router.php(628): Illuminate\\Routing\\Router->runRoute()
#15 /home/rotho98/Projects/wager/vendor/laravel/framework/src/Illuminate/Routing/Router.php(617): Illuminate\\Routing\\Router->dispatchToRoute()
#16 /home/rotho98/Projects/wager/vendor/laravel/framework/src/Illuminate/Foundation/Http/Kernel.php(165): Illuminate\\Routing\\Router->dispatch()
#17 /home/rotho98/Projects/wager/vendor/laravel/framework/src/Illuminate/Pipeline/Pipeline.php(128): Illuminate\\Foundation\\Http\\Kernel->Illuminate\\Foundation\\Http\\{closure}()
#18 /home/rotho98/Projects/wager/vendor/barryvdh/laravel-debugbar/src/Middleware/InjectDebugbar.php(58): Illuminate\\Pipeline\\Pipeline->Illuminate\\Pipeline\\{closure}()
#19 /home/rotho98/Projects/wager/vendor/laravel/framework/src/Illuminate/Pipeline/Pipeline.php(167): Barryvdh\\Debugbar\\Middleware\\InjectDebugbar->handle()
#20 /home/rotho98/Projects/wager/app/Http/Middleware/AverageResponseTime.php(19): Illuminate\\Pipeline\\Pipeline->Illuminate\\Pipeline\\{closure}()
#21 /home/rotho98/Projects/wager/vendor/laravel/framework/src/Illuminate/Pipeline/Pipeline.php(167): App\\Http\\Middleware\\AverageResponseTime->handle()
#22 /home/rotho98/Projects/wager/app/Http/Middleware/MultiaccountCheck.php(18): Illuminate\\Pipeline\\Pipeline->Illuminate\\Pipeline\\{closure}()
#23 /home/rotho98/Projects/wager/vendor/laravel/framework/src/Illuminate/Pipeline/Pipeline.php(167): App\\Http\\Middleware\\MultiaccountCheck->handle()
#24 /home/rotho98/Projects/wager/vendor/laravel/framework/src/Illuminate/Foundation/Http/Middleware/TransformsRequest.php(21): Illuminate\\Pipeline\\Pipeline->Illuminate\\Pipeline\\{closure}()
#25 /home/rotho98/Projects/wager/vendor/laravel/framework/src/Illuminate/Pipeline/Pipeline.php(167): Illuminate\\Foundation\\Http\\Middleware\\TransformsRequest->handle()
#26 /home/rotho98/Projects/wager/vendor/laravel/framework/src/Illuminate/Foundation/Http/Middleware/TransformsRequest.php(21): Illuminate\\Pipeline\\Pipeline->Illuminate\\Pipeline\\{closure}()
#27 /home/rotho98/Projects/wager/vendor/laravel/framework/src/Illuminate/Pipeline/Pipeline.php(167): Illuminate\\Foundation\\Http\\Middleware\\TransformsRequest->handle()
#28 /home/rotho98/Projects/wager/vendor/laravel/framework/src/Illuminate/Foundation/Http/Middleware/ValidatePostSize.php(27): Illuminate\\Pipeline\\Pipeline->Illuminate\\Pipeline\\{closure}()
#29 /home/rotho98/Projects/wager/vendor/laravel/framework/src/Illuminate/Pipeline/Pipeline.php(167): Illuminate\\Foundation\\Http\\Middleware\\ValidatePostSize->handle()
#30 /home/rotho98/Projects/wager/app/Http/Middleware/CheckForMaintenanceMode.php(65): Illuminate\\Pipeline\\Pipeline->Illuminate\\Pipeline\\{closure}()
#31 /home/rotho98/Projects/wager/vendor/laravel/framework/src/Illuminate/Pipeline/Pipeline.php(167): App\\Http\\Middleware\\CheckForMaintenanceMode->handle()
#32 /home/rotho98/Projects/wager/vendor/fruitcake/laravel-cors/src/HandleCors.php(37): Illuminate\\Pipeline\\Pipeline->Illuminate\\Pipeline\\{closure}()
#33 /home/rotho98/Projects/wager/vendor/laravel/framework/src/Illuminate/Pipeline/Pipeline.php(167): Fruitcake\\Cors\\HandleCors->handle()
#34 /home/rotho98/Projects/wager/vendor/fideloper/proxy/src/TrustProxies.php(57): Illuminate\\Pipeline\\Pipeline->Illuminate\\Pipeline\\{closure}()
#35 /home/rotho98/Projects/wager/vendor/laravel/framework/src/Illuminate/Pipeline/Pipeline.php(167): Fideloper\\Proxy\\TrustProxies->handle()
#36 /home/rotho98/Projects/wager/vendor/laravel/framework/src/Illuminate/Session/Middleware/StartSession.php(116): Illuminate\\Pipeline\\Pipeline->Illuminate\\Pipeline\\{closure}()
#37 /home/rotho98/Projects/wager/vendor/laravel/framework/src/Illuminate/Session/Middleware/StartSession.php(62): Illuminate\\Session\\Middleware\\StartSession->handleStatefulRequest()
#38 /home/rotho98/Projects/wager/vendor/laravel/framework/src/Illuminate/Pipeline/Pipeline.php(167): Illuminate\\Session\\Middleware\\StartSession->handle()
#39 /home/rotho98/Projects/wager/vendor/laravel/framework/src/Illuminate/Pipeline/Pipeline.php(103): Illuminate\\Pipeline\\Pipeline->Illuminate\\Pipeline\\{closure}()
#40 /home/rotho98/Projects/wager/vendor/laravel/framework/src/Illuminate/Foundation/Http/Kernel.php(140): Illuminate\\Pipeline\\Pipeline->then()
#41 /home/rotho98/Projects/wager/vendor/laravel/framework/src/Illuminate/Foundation/Http/Kernel.php(109): Illuminate\\Foundation\\Http\\Kernel->sendRequestThroughRouter()
#42 /home/rotho98/Projects/wager/public/index.php(55): Illuminate\\Foundation\\Http\\Kernel->handle()
#43 /home/rotho98/Projects/wager/server.php(21): require_once('/home/rotho98/P...')
#44 {main}
"} 
